<?xml version="1.0" encoding="UTF-8"?>
<!-- Generated by org.testng.reporters.JUnitReportReporter -->
<testsuite hostname="BLRL201605" failures="0" tests="2" name="ui.Annotations" time="0.016" errors="0" timestamp="2025-05-17T17:13:42 IST" skipped="0">
  <testcase classname="ui.Annotations" name="test02" time="0.014"/>
  <testcase classname="ui.Annotations" name="test01" time="0.002"/>
</testsuite> <!-- ui.Annotations -->
