<?xml version="1.0" encoding="UTF-8"?>
<!-- Generated by org.testng.reporters.JUnitReportReporter -->
<testsuite hostname="BLRL201605" failures="0" tests="1" name="testcases.MyFirstTest" time="7.339" errors="0" timestamp="2025-05-12T16:46:42 IST" skipped="0">
  <testcase classname="testcases.MyFirstTest" name="LoginTest" time="7.339"/>
</testsuite> <!-- testcases.MyFirstTest -->
