<?xml version="1.0" encoding="UTF-8"?>
<!-- Generated by org.testng.reporters.JUnitReportReporter -->
<testsuite hostname="BLRL201605" failures="0" tests="2" name="ui.Login" time="0.016" errors="0" timestamp="2025-05-10T23:05:56 IST" skipped="0">
  <testcase classname="ui.Login" name="test02" time="0.012"/>
  <testcase classname="ui.Login" name="test01" time="0.004"/>
</testsuite> <!-- ui.Login -->
