<?xml version="1.0" encoding="UTF-8"?>
<!-- Generated by org.testng.reporters.JUnitReportReporter -->
<testsuite hostname="LAPTOP-JR3A2KKP" failures="0" tests="1" name="com.guru99.testCases.TC_LoginTest_001" time="32.086" errors="0" timestamp="2019-12-28T13:52:58 IST" skipped="0">
  <testcase classname="com.guru99.testCases.TC_LoginTest_001" name="loginTest" time="32.086"/>
</testsuite> <!-- com.guru99.testCases.TC_LoginTest_001 -->
